<?xml version="1.0" encoding="UTF-8"?>
<!-- Generated by org.testng.reporters.JUnitReportReporter -->
<testsuite hostname="Deva" failures="0" tests="1" name="testngflags.flag1" time="0.008" errors="0" timestamp="2022-06-04T20:39:54 IST" skipped="0">
  <testcase classname="testngflags.flag1" name="login" time="0.008"/>
  <system-out>
    <![CDATA[Login is performed]]>
  </system-out>
</testsuite> <!-- testngflags.flag1 -->
