<?xml version="1.0" encoding="UTF-8"?>
<!-- Generated by org.testng.reporters.JUnitReportReporter -->
<testsuite hostname="Deva" failures="0" tests="1" name="testngflags.Class3" time="34.708" errors="0" timestamp="2022-06-10T20:51:08 IST" skipped="0">
  <testcase classname="testngflags.Class3" name="f" time="34.708"/>
  <system-out/>
</testsuite> <!-- testngflags.Class3 -->
