<?xml version="1.0" encoding="UTF-8"?>
<!-- Generated by org.testng.reporters.JUnitReportReporter -->
<testsuite hostname="Deva" failures="0" tests="1" name="testngflags.Class4" time="34.239" errors="0" timestamp="2022-06-10T20:51:08 IST" skipped="0">
  <testcase classname="testngflags.Class4" name="f" time="34.239"/>
  <system-out/>
</testsuite> <!-- testngflags.Class4 -->
