<?xml version="1.0" encoding="UTF-8"?>
<!-- Generated by org.testng.reporters.JUnitReportReporter -->
<testsuite hostname="Deva" failures="0" tests="10" name="testngflags.Flag3" time="0.013" errors="0" timestamp="2022-06-04T21:05:58 IST" skipped="0">
  <testcase classname="testngflags.Flag3" name="login" time="0.001"/>
  <system-out>
    <![CDATA[inconsistent]]>
  </system-out>
  <testcase classname="testngflags.Flag3" name="login" time="0.001"/>
  <system-out>
    <![CDATA[inconsistent]]>
  </system-out>
  <testcase classname="testngflags.Flag3" name="login" time="0.001"/>
  <system-out>
    <![CDATA[inconsistent]]>
  </system-out>
  <testcase classname="testngflags.Flag3" name="login" time="0.001"/>
  <system-out>
    <![CDATA[inconsistent]]>
  </system-out>
  <testcase classname="testngflags.Flag3" name="login" time="0.000"/>
  <system-out>
    <![CDATA[inconsistent]]>
  </system-out>
  <testcase classname="testngflags.Flag3" name="login" time="0.000"/>
  <system-out>
    <![CDATA[inconsistent]]>
  </system-out>
  <testcase classname="testngflags.Flag3" name="login" time="0.001"/>
  <system-out>
    <![CDATA[inconsistent]]>
  </system-out>
  <testcase classname="testngflags.Flag3" name="login" time="0.000"/>
  <system-out>
    <![CDATA[inconsistent]]>
  </system-out>
  <testcase classname="testngflags.Flag3" name="login" time="0.007"/>
  <system-out>
    <![CDATA[inconsistent]]>
  </system-out>
  <testcase classname="testngflags.Flag3" name="login" time="0.001"/>
  <system-out>
    <![CDATA[inconsistent]]>
  </system-out>
</testsuite> <!-- testngflags.Flag3 -->
