<?xml version="1.0" encoding="UTF-8"?>
<!-- Generated by org.testng.reporters.JUnitReportReporter -->
<testsuite hostname="Deva" failures="0" tests="5" name="testAnnotations.DataProviderCode" time="15.094" errors="0" timestamp="2022-06-10T17:51:28 IST" skipped="0">
  <testcase classname="testAnnotations.DataProviderCode" name="loginActiTime" time="2.857"/>
  <system-out/>
  <testcase classname="testAnnotations.DataProviderCode" name="loginActiTime" time="2.909"/>
  <system-out/>
  <testcase classname="testAnnotations.DataProviderCode" name="loginActiTime" time="3.596"/>
  <system-out/>
  <testcase classname="testAnnotations.DataProviderCode" name="loginActiTime" time="2.913"/>
  <system-out/>
  <testcase classname="testAnnotations.DataProviderCode" name="loginActiTime" time="2.819"/>
  <system-out/>
</testsuite> <!-- testAnnotations.DataProviderCode -->
