<?xml version="1.0" encoding="UTF-8"?>
<!-- Generated by org.testng.reporters.JUnitReportReporter -->
<testsuite hostname="Deva" failures="0" tests="3" name="practice.Group" time="0.009" errors="0" timestamp="2022-06-10T20:16:09 IST" skipped="0">
  <testcase classname="practice.Group" name="a3" time="0.001"/>
  <system-out>
    <![CDATA[a3]]>
  </system-out>
  <testcase classname="practice.Group" name="a1" time="0.007"/>
  <system-out>
    <![CDATA[a1]]>
  </system-out>
  <testcase classname="practice.Group" name="a2" time="0.001"/>
  <system-out>
    <![CDATA[a2]]>
  </system-out>
</testsuite> <!-- practice.Group -->
