<?xml version="1.0" encoding="UTF-8"?>
<!-- Generated by org.testng.reporters.JUnitReportReporter -->
<testsuite hostname="Deva" failures="0" tests="6" name="testngflags.Groups" time="0.015" errors="0" timestamp="2022-06-10T18:38:24 IST" skipped="0">
  <testcase classname="testngflags.Groups" name="it5" time="0.001"/>
  <system-out>
    <![CDATA[it5]]>
  </system-out>
  <testcase classname="testngflags.Groups" name="it6" time="0.001"/>
  <system-out>
    <![CDATA[it6]]>
  </system-out>
  <testcase classname="testngflags.Groups" name="it1" time="0.010"/>
  <system-out>
    <![CDATA[it1]]>
  </system-out>
  <testcase classname="testngflags.Groups" name="it4" time="0.002"/>
  <system-out>
    <![CDATA[it4]]>
  </system-out>
  <testcase classname="testngflags.Groups" name="it2" time="0.001"/>
  <system-out>
    <![CDATA[it2]]>
  </system-out>
  <testcase classname="testngflags.Groups" name="it3" time="0.000"/>
  <system-out>
    <![CDATA[it3]]>
  </system-out>
</testsuite> <!-- testngflags.Groups -->
