<?xml version="1.0" encoding="UTF-8"?>
<!-- Generated by org.testng.reporters.JUnitReportReporter -->
<testsuite hostname="Deva" failures="0" tests="1" name="testngpack.Semo" time="0.001" errors="0" timestamp="2022-06-10T18:01:51 IST" skipped="0">
  <testcase classname="testngpack.Semo" name="c" time="0.001"/>
  <system-out>
    <![CDATA[Semo class method]]>
  </system-out>
</testsuite> <!-- testngpack.Semo -->
