<?xml version="1.0" encoding="UTF-8"?>
<!-- Generated by org.testng.reporters.JUnitReportReporter -->
<testsuite hostname="Deva" failures="0" tests="4" name="testngpack.Method1" time="0.011" errors="0" timestamp="2022-06-15T05:34:22 IST" skipped="0">
  <testcase classname="testngpack.Method1" name="method4" time="0.000"/>
  <system-out>
    <![CDATA[method4 executed]]>
  </system-out>
  <testcase classname="testngpack.Method1" name="method1" time="0.009"/>
  <system-out>
    <![CDATA[method1 executed]]>
  </system-out>
  <testcase classname="testngpack.Method1" name="method3" time="0.001"/>
  <system-out>
    <![CDATA[method3 executed]]>
  </system-out>
  <testcase classname="testngpack.Method1" name="method2" time="0.001"/>
  <system-out>
    <![CDATA[method2 executed]]>
  </system-out>
</testsuite> <!-- testngpack.Method1 -->
