<?xml version="1.0" encoding="UTF-8"?>
<!-- Generated by org.testng.reporters.JUnitReportReporter -->
<testsuite hostname="Deva" failures="0" tests="5" name="testngflags.Flag41" time="0.012" errors="0" timestamp="2022-06-06T12:04:33 IST" skipped="0">
  <testcase classname="testngflags.Flag41" name="p" time="0.009"/>
  <system-out>
    <![CDATA[p]]>
  </system-out>
  <testcase classname="testngflags.Flag41" name="h" time="0.001"/>
  <system-out>
    <![CDATA[h]]>
  </system-out>
  <testcase classname="testngflags.Flag41" name="s" time="0.000"/>
  <system-out>
    <![CDATA[s]]>
  </system-out>
  <testcase classname="testngflags.Flag41" name="z" time="0.001"/>
  <system-out>
    <![CDATA[Z]]>
  </system-out>
  <testcase classname="testngflags.Flag41" name="f" time="0.001"/>
  <system-out>
    <![CDATA[Z]]>
  </system-out>
</testsuite> <!-- testngflags.Flag41 -->
